<?xml version="1.0" encoding="UTF-8"?>
<!-- Generated by org.testng.reporters.JUnitReportReporter -->
<testsuite hostname="LAPTOP-185DVRJL" failures="0" tests="9" name="session4Assignment.Program3" time="33.599" errors="0" timestamp="2021-12-24T15:24:36 EST" skipped="0">
  <testcase classname="session4Assignment.Program3" name="invocationCount" time="3.075"/>
  <system-out/>
  <testcase classname="session4Assignment.Program3" name="invocationCount" time="3.097"/>
  <system-out/>
  <testcase classname="session4Assignment.Program3" name="invocationCountTimeout" time="6.425"/>
  <system-out/>
  <testcase classname="session4Assignment.Program3" name="invocationCountTimeouts" time="3.162"/>
  <system-out/>
  <testcase classname="session4Assignment.Program3" name="invocationCountTimeouts" time="3.274"/>
  <system-out/>
  <testcase classname="session4Assignment.Program3" name="invocationCountThreadpool" time="3.528"/>
  <system-out/>
  <testcase classname="session4Assignment.Program3" name="invocationCountThreadpool" time="3.528"/>
  <system-out/>
  <testcase classname="session4Assignment.Program3" name="invocationCountThreadpool" time="3.528"/>
  <system-out/>
  <testcase classname="session4Assignment.Program3" name="invocationCount" time="3.982"/>
  <system-out/>
</testsuite> <!-- session4Assignment.Program3 -->
