<?xml version="1.0" encoding="UTF-8"?>
<!-- Generated by org.testng.reporters.JUnitReportReporter -->
<testsuite hostname="LAPTOP-185DVRJL" failures="0" tests="1" name="session4Assignment.Program2" time="2.985" errors="0" timestamp="2021-12-24T15:20:52 EST" skipped="0">
  <testcase classname="session4Assignment.Program2" name="test" time="2.985"/>
  <system-out/>
</testsuite> <!-- session4Assignment.Program2 -->
